{"/Users/tonygo/bare/bare-exif/index.js":{"path":"/Users/tonygo/bare/bare-exif/index.js","all":false,"statementMap":{"0":{"start":{"line":1,"column":0},"end":{"line":1,"column":36}},"1":{"start":{"line":2,"column":0},"end":{"line":2,"column":0}},"2":{"start":{"line":3,"column":0},"end":{"line":3,"column":21}},"3":{"start":{"line":4,"column":0},"end":{"line":4,"column":21}},"4":{"start":{"line":5,"column":0},"end":{"line":5,"column":21}},"5":{"start":{"line":6,"column":0},"end":{"line":6,"column":27}},"6":{"start":{"line":7,"column":0},"end":{"line":7,"column":32}},"7":{"start":{"line":8,"column":0},"end":{"line":8,"column":1}},"8":{"start":{"line":9,"column":0},"end":{"line":9,"column":0}},"9":{"start":{"line":10,"column":0},"end":{"line":10,"column":17}},"10":{"start":{"line":11,"column":0},"end":{"line":11,"column":76}},"11":{"start":{"line":12,"column":0},"end":{"line":12,"column":76}},"12":{"start":{"line":13,"column":0},"end":{"line":13,"column":25}},"13":{"start":{"line":14,"column":0},"end":{"line":14,"column":21}},"14":{"start":{"line":15,"column":0},"end":{"line":15,"column":21}},"15":{"start":{"line":16,"column":0},"end":{"line":16,"column":27}},"16":{"start":{"line":17,"column":0},"end":{"line":17,"column":0}},"17":{"start":{"line":18,"column":0},"end":{"line":18,"column":16}},"18":{"start":{"line":19,"column":0},"end":{"line":19,"column":19}},"19":{"start":{"line":20,"column":0},"end":{"line":20,"column":23}},"20":{"start":{"line":21,"column":0},"end":{"line":21,"column":17}},"21":{"start":{"line":22,"column":0},"end":{"line":22,"column":22}},"22":{"start":{"line":23,"column":0},"end":{"line":23,"column":20}},"23":{"start":{"line":24,"column":0},"end":{"line":24,"column":3}},"24":{"start":{"line":25,"column":0},"end":{"line":25,"column":0}},"25":{"start":{"line":26,"column":0},"end":{"line":26,"column":25}},"26":{"start":{"line":27,"column":0},"end":{"line":27,"column":43}},"27":{"start":{"line":28,"column":0},"end":{"line":28,"column":60}},"28":{"start":{"line":29,"column":0},"end":{"line":29,"column":40}},"29":{"start":{"line":30,"column":0},"end":{"line":30,"column":0}},"30":{"start":{"line":31,"column":0},"end":{"line":31,"column":26}},"31":{"start":{"line":32,"column":0},"end":{"line":32,"column":24}},"32":{"start":{"line":33,"column":0},"end":{"line":33,"column":35}},"33":{"start":{"line":34,"column":0},"end":{"line":34,"column":0}},"34":{"start":{"line":35,"column":0},"end":{"line":35,"column":25}},"35":{"start":{"line":36,"column":0},"end":{"line":36,"column":34}},"36":{"start":{"line":37,"column":0},"end":{"line":37,"column":0}},"37":{"start":{"line":38,"column":0},"end":{"line":38,"column":25}},"38":{"start":{"line":39,"column":0},"end":{"line":39,"column":54}},"39":{"start":{"line":40,"column":0},"end":{"line":40,"column":0}},"40":{"start":{"line":41,"column":0},"end":{"line":41,"column":26}},"41":{"start":{"line":42,"column":0},"end":{"line":42,"column":53}},"42":{"start":{"line":43,"column":0},"end":{"line":43,"column":0}},"43":{"start":{"line":44,"column":0},"end":{"line":44,"column":24}},"44":{"start":{"line":45,"column":0},"end":{"line":45,"column":54}},"45":{"start":{"line":46,"column":0},"end":{"line":46,"column":0}},"46":{"start":{"line":47,"column":0},"end":{"line":47,"column":25}},"47":{"start":{"line":48,"column":0},"end":{"line":48,"column":53}},"48":{"start":{"line":49,"column":0},"end":{"line":49,"column":0}},"49":{"start":{"line":50,"column":0},"end":{"line":50,"column":25}},"50":{"start":{"line":51,"column":0},"end":{"line":51,"column":55}},"51":{"start":{"line":52,"column":0},"end":{"line":52,"column":0}},"52":{"start":{"line":53,"column":0},"end":{"line":53,"column":26}},"53":{"start":{"line":54,"column":0},"end":{"line":54,"column":55}},"54":{"start":{"line":55,"column":0},"end":{"line":55,"column":0}},"55":{"start":{"line":56,"column":0},"end":{"line":56,"column":30}},"56":{"start":{"line":57,"column":0},"end":{"line":57,"column":16}},"57":{"start":{"line":58,"column":0},"end":{"line":58,"column":61}},"58":{"start":{"line":59,"column":0},"end":{"line":59,"column":66}},"59":{"start":{"line":60,"column":0},"end":{"line":60,"column":9}},"60":{"start":{"line":61,"column":0},"end":{"line":61,"column":7}},"61":{"start":{"line":62,"column":0},"end":{"line":62,"column":0}},"62":{"start":{"line":63,"column":0},"end":{"line":63,"column":31}},"63":{"start":{"line":64,"column":0},"end":{"line":64,"column":16}},"64":{"start":{"line":65,"column":0},"end":{"line":65,"column":60}},"65":{"start":{"line":66,"column":0},"end":{"line":66,"column":65}},"66":{"start":{"line":67,"column":0},"end":{"line":67,"column":9}},"67":{"start":{"line":68,"column":0},"end":{"line":68,"column":7}},"68":{"start":{"line":69,"column":0},"end":{"line":69,"column":0}},"69":{"start":{"line":70,"column":0},"end":{"line":70,"column":27}},"70":{"start":{"line":71,"column":0},"end":{"line":71,"column":21}},"71":{"start":{"line":72,"column":0},"end":{"line":72,"column":51}},"72":{"start":{"line":73,"column":0},"end":{"line":73,"column":36}},"73":{"start":{"line":74,"column":0},"end":{"line":74,"column":28}},"74":{"start":{"line":75,"column":0},"end":{"line":75,"column":40}},"75":{"start":{"line":76,"column":0},"end":{"line":76,"column":9}},"76":{"start":{"line":77,"column":0},"end":{"line":77,"column":19}},"77":{"start":{"line":78,"column":0},"end":{"line":78,"column":7}},"78":{"start":{"line":79,"column":0},"end":{"line":79,"column":0}},"79":{"start":{"line":80,"column":0},"end":{"line":80,"column":29}},"80":{"start":{"line":81,"column":0},"end":{"line":81,"column":37}},"81":{"start":{"line":82,"column":0},"end":{"line":82,"column":0}},"82":{"start":{"line":83,"column":0},"end":{"line":83,"column":14}},"83":{"start":{"line":84,"column":0},"end":{"line":84,"column":19}},"84":{"start":{"line":85,"column":0},"end":{"line":85,"column":5}},"85":{"start":{"line":86,"column":0},"end":{"line":86,"column":3}},"86":{"start":{"line":87,"column":0},"end":{"line":87,"column":0}},"87":{"start":{"line":88,"column":0},"end":{"line":88,"column":10}},"88":{"start":{"line":89,"column":0},"end":{"line":89,"column":26}},"89":{"start":{"line":90,"column":0},"end":{"line":90,"column":54}},"90":{"start":{"line":91,"column":0},"end":{"line":91,"column":5}},"91":{"start":{"line":92,"column":0},"end":{"line":92,"column":0}},"92":{"start":{"line":93,"column":0},"end":{"line":93,"column":60}},"93":{"start":{"line":94,"column":0},"end":{"line":94,"column":0}},"94":{"start":{"line":95,"column":0},"end":{"line":95,"column":8}},"95":{"start":{"line":96,"column":0},"end":{"line":96,"column":30}},"96":{"start":{"line":97,"column":0},"end":{"line":97,"column":46}},"97":{"start":{"line":98,"column":0},"end":{"line":98,"column":47}},"98":{"start":{"line":99,"column":0},"end":{"line":99,"column":7}},"99":{"start":{"line":100,"column":0},"end":{"line":100,"column":35}},"100":{"start":{"line":101,"column":0},"end":{"line":101,"column":5}},"101":{"start":{"line":102,"column":0},"end":{"line":102,"column":0}},"102":{"start":{"line":103,"column":0},"end":{"line":103,"column":21}},"103":{"start":{"line":104,"column":0},"end":{"line":104,"column":47}},"104":{"start":{"line":105,"column":0},"end":{"line":105,"column":41}},"105":{"start":{"line":106,"column":0},"end":{"line":106,"column":5}},"106":{"start":{"line":107,"column":0},"end":{"line":107,"column":17}},"107":{"start":{"line":108,"column":0},"end":{"line":108,"column":3}},"108":{"start":{"line":109,"column":0},"end":{"line":109,"column":0}},"109":{"start":{"line":110,"column":0},"end":{"line":110,"column":11}},"110":{"start":{"line":111,"column":0},"end":{"line":111,"column":35}},"111":{"start":{"line":112,"column":0},"end":{"line":112,"column":3}},"112":{"start":{"line":113,"column":0},"end":{"line":113,"column":0}},"113":{"start":{"line":114,"column":0},"end":{"line":114,"column":13}},"114":{"start":{"line":115,"column":0},"end":{"line":115,"column":31}},"115":{"start":{"line":116,"column":0},"end":{"line":116,"column":0}},"116":{"start":{"line":117,"column":0},"end":{"line":117,"column":36}},"117":{"start":{"line":118,"column":0},"end":{"line":118,"column":0}},"118":{"start":{"line":119,"column":0},"end":{"line":119,"column":41}},"119":{"start":{"line":120,"column":0},"end":{"line":120,"column":0}},"120":{"start":{"line":121,"column":0},"end":{"line":121,"column":20}},"121":{"start":{"line":122,"column":0},"end":{"line":122,"column":26}},"122":{"start":{"line":123,"column":0},"end":{"line":123,"column":3}},"123":{"start":{"line":124,"column":0},"end":{"line":124,"column":0}},"124":{"start":{"line":125,"column":0},"end":{"line":125,"column":22}},"125":{"start":{"line":126,"column":0},"end":{"line":126,"column":18}},"126":{"start":{"line":127,"column":0},"end":{"line":127,"column":3}},"127":{"start":{"line":128,"column":0},"end":{"line":128,"column":1}},"128":{"start":{"line":129,"column":0},"end":{"line":129,"column":0}},"129":{"start":{"line":130,"column":0},"end":{"line":130,"column":31}},"130":{"start":{"line":131,"column":0},"end":{"line":131,"column":21}},"131":{"start":{"line":132,"column":0},"end":{"line":132,"column":27}},"132":{"start":{"line":133,"column":0},"end":{"line":133,"column":0}},"133":{"start":{"line":134,"column":0},"end":{"line":134,"column":78}},"134":{"start":{"line":135,"column":0},"end":{"line":135,"column":34}},"135":{"start":{"line":136,"column":0},"end":{"line":136,"column":29}},"136":{"start":{"line":137,"column":0},"end":{"line":137,"column":0}},"137":{"start":{"line":138,"column":0},"end":{"line":138,"column":73}},"138":{"start":{"line":139,"column":0},"end":{"line":139,"column":3}},"139":{"start":{"line":140,"column":0},"end":{"line":140,"column":0}},"140":{"start":{"line":141,"column":0},"end":{"line":141,"column":14}},"141":{"start":{"line":142,"column":0},"end":{"line":142,"column":37}},"142":{"start":{"line":143,"column":0},"end":{"line":143,"column":0}},"143":{"start":{"line":144,"column":0},"end":{"line":144,"column":70}},"144":{"start":{"line":145,"column":0},"end":{"line":145,"column":0}},"145":{"start":{"line":146,"column":0},"end":{"line":146,"column":28}},"146":{"start":{"line":147,"column":0},"end":{"line":147,"column":0}},"147":{"start":{"line":148,"column":0},"end":{"line":148,"column":16}},"148":{"start":{"line":149,"column":0},"end":{"line":149,"column":3}},"149":{"start":{"line":150,"column":0},"end":{"line":150,"column":0}},"150":{"start":{"line":151,"column":0},"end":{"line":151,"column":20}},"151":{"start":{"line":152,"column":0},"end":{"line":152,"column":40}},"152":{"start":{"line":153,"column":0},"end":{"line":153,"column":44}},"153":{"start":{"line":154,"column":0},"end":{"line":154,"column":5}},"154":{"start":{"line":155,"column":0},"end":{"line":155,"column":0}},"155":{"start":{"line":156,"column":0},"end":{"line":156,"column":34}},"156":{"start":{"line":157,"column":0},"end":{"line":157,"column":3}},"157":{"start":{"line":158,"column":0},"end":{"line":158,"column":0}},"158":{"start":{"line":159,"column":0},"end":{"line":159,"column":14}},"159":{"start":{"line":160,"column":0},"end":{"line":160,"column":49}},"160":{"start":{"line":161,"column":0},"end":{"line":161,"column":3}},"161":{"start":{"line":162,"column":0},"end":{"line":162,"column":0}},"162":{"start":{"line":163,"column":0},"end":{"line":163,"column":13}},"163":{"start":{"line":164,"column":0},"end":{"line":164,"column":31}},"164":{"start":{"line":165,"column":0},"end":{"line":165,"column":0}},"165":{"start":{"line":166,"column":0},"end":{"line":166,"column":59}},"166":{"start":{"line":167,"column":0},"end":{"line":167,"column":0}},"167":{"start":{"line":168,"column":0},"end":{"line":168,"column":29}},"168":{"start":{"line":169,"column":0},"end":{"line":169,"column":0}},"169":{"start":{"line":170,"column":0},"end":{"line":170,"column":26}},"170":{"start":{"line":171,"column":0},"end":{"line":171,"column":3}},"171":{"start":{"line":172,"column":0},"end":{"line":172,"column":0}},"172":{"start":{"line":173,"column":0},"end":{"line":173,"column":22}},"173":{"start":{"line":174,"column":0},"end":{"line":174,"column":18}},"174":{"start":{"line":175,"column":0},"end":{"line":175,"column":3}},"175":{"start":{"line":176,"column":0},"end":{"line":176,"column":1}}},"s":{"0":1,"1":1,"2":1,"3":1,"4":1,"5":1,"6":1,"7":1,"8":1,"9":1,"10":1,"11":1,"12":1,"13":1,"14":365,"15":365,"16":365,"17":365,"18":365,"19":365,"20":365,"21":365,"22":365,"23":365,"24":1,"25":1,"26":23,"27":23,"28":23,"29":23,"30":23,"31":23,"32":0,"33":23,"34":23,"35":0,"36":23,"37":23,"38":13,"39":23,"40":23,"41":0,"42":23,"43":23,"44":4,"45":23,"46":23,"47":0,"48":23,"49":23,"50":0,"51":23,"52":23,"53":0,"54":23,"55":23,"56":4,"57":4,"58":4,"59":4,"60":4,"61":23,"62":23,"63":0,"64":0,"65":0,"66":0,"67":0,"68":23,"69":23,"70":0,"71":0,"72":0,"73":0,"74":0,"75":0,"76":0,"77":0,"78":23,"79":23,"80":2,"81":23,"82":23,"83":0,"84":23,"85":23,"86":1,"87":1,"88":28,"89":5,"90":5,"91":23,"92":28,"93":23,"94":23,"95":28,"96":28,"97":2,"98":28,"99":23,"100":23,"101":0,"102":0,"103":0,"104":0,"105":0,"106":0,"107":28,"108":1,"109":1,"110":11,"111":11,"112":1,"113":1,"114":40,"115":39,"116":39,"117":39,"118":39,"119":39,"120":39,"121":39,"122":40,"123":1,"124":1,"125":1,"126":1,"127":1,"128":1,"129":1,"130":1,"131":23,"132":23,"133":23,"134":23,"135":23,"136":23,"137":23,"138":23,"139":1,"140":1,"141":365,"142":365,"143":365,"144":40,"145":40,"146":40,"147":40,"148":365,"149":1,"150":1,"151":5,"152":4,"153":4,"154":5,"155":5,"156":5,"157":1,"158":1,"159":3,"160":3,"161":1,"162":1,"163":21,"164":20,"165":21,"166":20,"167":20,"168":20,"169":20,"170":21,"171":1,"172":1,"173":16,"174":16,"175":1},"branchMap":{"0":{"type":"branch","line":14,"loc":{"start":{"line":14,"column":2},"end":{"line":24,"column":3}},"locations":[{"start":{"line":14,"column":2},"end":{"line":24,"column":3}}]},"1":{"type":"branch","line":26,"loc":{"start":{"line":26,"column":2},"end":{"line":86,"column":3}},"locations":[{"start":{"line":26,"column":2},"end":{"line":86,"column":3}}]},"2":{"type":"branch","line":32,"loc":{"start":{"line":32,"column":6},"end":{"line":33,"column":35}},"locations":[{"start":{"line":32,"column":6},"end":{"line":33,"column":35}}]},"3":{"type":"branch","line":35,"loc":{"start":{"line":35,"column":6},"end":{"line":36,"column":34}},"locations":[{"start":{"line":35,"column":6},"end":{"line":36,"column":34}}]},"4":{"type":"branch","line":38,"loc":{"start":{"line":38,"column":6},"end":{"line":39,"column":54}},"locations":[{"start":{"line":38,"column":6},"end":{"line":39,"column":54}}]},"5":{"type":"branch","line":41,"loc":{"start":{"line":41,"column":6},"end":{"line":42,"column":53}},"locations":[{"start":{"line":41,"column":6},"end":{"line":42,"column":53}}]},"6":{"type":"branch","line":44,"loc":{"start":{"line":44,"column":6},"end":{"line":45,"column":54}},"locations":[{"start":{"line":44,"column":6},"end":{"line":45,"column":54}}]},"7":{"type":"branch","line":47,"loc":{"start":{"line":47,"column":6},"end":{"line":48,"column":53}},"locations":[{"start":{"line":47,"column":6},"end":{"line":48,"column":53}}]},"8":{"type":"branch","line":50,"loc":{"start":{"line":50,"column":6},"end":{"line":51,"column":55}},"locations":[{"start":{"line":50,"column":6},"end":{"line":51,"column":55}}]},"9":{"type":"branch","line":53,"loc":{"start":{"line":53,"column":6},"end":{"line":54,"column":55}},"locations":[{"start":{"line":53,"column":6},"end":{"line":54,"column":55}}]},"10":{"type":"branch","line":56,"loc":{"start":{"line":56,"column":6},"end":{"line":61,"column":7}},"locations":[{"start":{"line":56,"column":6},"end":{"line":61,"column":7}}]},"11":{"type":"branch","line":63,"loc":{"start":{"line":63,"column":6},"end":{"line":68,"column":7}},"locations":[{"start":{"line":63,"column":6},"end":{"line":68,"column":7}}]},"12":{"type":"branch","line":70,"loc":{"start":{"line":70,"column":6},"end":{"line":78,"column":7}},"locations":[{"start":{"line":70,"column":6},"end":{"line":78,"column":7}}]},"13":{"type":"branch","line":80,"loc":{"start":{"line":80,"column":6},"end":{"line":81,"column":37}},"locations":[{"start":{"line":80,"column":6},"end":{"line":81,"column":37}}]},"14":{"type":"branch","line":83,"loc":{"start":{"line":83,"column":6},"end":{"line":84,"column":19}},"locations":[{"start":{"line":83,"column":6},"end":{"line":84,"column":19}}]},"15":{"type":"branch","line":88,"loc":{"start":{"line":88,"column":2},"end":{"line":108,"column":3}},"locations":[{"start":{"line":88,"column":2},"end":{"line":108,"column":3}}]},"16":{"type":"branch","line":89,"loc":{"start":{"line":89,"column":25},"end":{"line":91,"column":5}},"locations":[{"start":{"line":89,"column":25},"end":{"line":91,"column":5}}]},"17":{"type":"branch","line":92,"loc":{"start":{"line":92,"column":-1},"end":{"line":93,"column":47}},"locations":[{"start":{"line":92,"column":-1},"end":{"line":93,"column":47}}]},"18":{"type":"branch","line":93,"loc":{"start":{"line":93,"column":49},"end":{"line":93,"column":60}},"locations":[{"start":{"line":93,"column":49},"end":{"line":93,"column":60}}]},"19":{"type":"branch","line":94,"loc":{"start":{"line":94,"column":-1},"end":{"line":96,"column":28}},"locations":[{"start":{"line":94,"column":-1},"end":{"line":96,"column":28}}]},"20":{"type":"branch","line":96,"loc":{"start":{"line":96,"column":28},"end":{"line":97,"column":43}},"locations":[{"start":{"line":96,"column":28},"end":{"line":97,"column":43}}]},"21":{"type":"branch","line":97,"loc":{"start":{"line":97,"column":44},"end":{"line":98,"column":47}},"locations":[{"start":{"line":97,"column":44},"end":{"line":98,"column":47}}]},"22":{"type":"branch","line":99,"loc":{"start":{"line":99,"column":6},"end":{"line":101,"column":5}},"locations":[{"start":{"line":99,"column":6},"end":{"line":101,"column":5}}]},"23":{"type":"branch","line":102,"loc":{"start":{"line":102,"column":-1},"end":{"line":108,"column":2}},"locations":[{"start":{"line":102,"column":-1},"end":{"line":108,"column":2}}]},"24":{"type":"branch","line":110,"loc":{"start":{"line":110,"column":2},"end":{"line":112,"column":3}},"locations":[{"start":{"line":110,"column":2},"end":{"line":112,"column":3}}]},"25":{"type":"branch","line":114,"loc":{"start":{"line":114,"column":2},"end":{"line":123,"column":3}},"locations":[{"start":{"line":114,"column":2},"end":{"line":123,"column":3}}]},"26":{"type":"branch","line":115,"loc":{"start":{"line":115,"column":25},"end":{"line":115,"column":31}},"locations":[{"start":{"line":115,"column":25},"end":{"line":115,"column":31}}]},"27":{"type":"branch","line":116,"loc":{"start":{"line":116,"column":-1},"end":{"line":123,"column":2}},"locations":[{"start":{"line":116,"column":-1},"end":{"line":123,"column":2}}]},"28":{"type":"branch","line":125,"loc":{"start":{"line":125,"column":2},"end":{"line":127,"column":3}},"locations":[{"start":{"line":125,"column":2},"end":{"line":127,"column":3}}]},"29":{"type":"branch","line":131,"loc":{"start":{"line":131,"column":2},"end":{"line":139,"column":3}},"locations":[{"start":{"line":131,"column":2},"end":{"line":139,"column":3}}]},"30":{"type":"branch","line":141,"loc":{"start":{"line":141,"column":2},"end":{"line":149,"column":3}},"locations":[{"start":{"line":141,"column":2},"end":{"line":149,"column":3}}]},"31":{"type":"branch","line":144,"loc":{"start":{"line":144,"column":59},"end":{"line":144,"column":70}},"locations":[{"start":{"line":144,"column":59},"end":{"line":144,"column":70}}]},"32":{"type":"branch","line":145,"loc":{"start":{"line":145,"column":-1},"end":{"line":149,"column":2}},"locations":[{"start":{"line":145,"column":-1},"end":{"line":149,"column":2}}]},"33":{"type":"branch","line":151,"loc":{"start":{"line":151,"column":2},"end":{"line":157,"column":3}},"locations":[{"start":{"line":151,"column":2},"end":{"line":157,"column":3}}]},"34":{"type":"branch","line":152,"loc":{"start":{"line":152,"column":39},"end":{"line":154,"column":5}},"locations":[{"start":{"line":152,"column":39},"end":{"line":154,"column":5}}]},"35":{"type":"branch","line":153,"loc":{"start":{"line":153,"column":29},"end":{"line":153,"column":44}},"locations":[{"start":{"line":153,"column":29},"end":{"line":153,"column":44}}]},"36":{"type":"branch","line":159,"loc":{"start":{"line":159,"column":2},"end":{"line":161,"column":3}},"locations":[{"start":{"line":159,"column":2},"end":{"line":161,"column":3}}]},"37":{"type":"branch","line":163,"loc":{"start":{"line":163,"column":2},"end":{"line":171,"column":3}},"locations":[{"start":{"line":163,"column":2},"end":{"line":171,"column":3}}]},"38":{"type":"branch","line":164,"loc":{"start":{"line":164,"column":25},"end":{"line":164,"column":31}},"locations":[{"start":{"line":164,"column":25},"end":{"line":164,"column":31}}]},"39":{"type":"branch","line":165,"loc":{"start":{"line":165,"column":-1},"end":{"line":166,"column":44}},"locations":[{"start":{"line":165,"column":-1},"end":{"line":166,"column":44}}]},"40":{"type":"branch","line":166,"loc":{"start":{"line":166,"column":44},"end":{"line":166,"column":59}},"locations":[{"start":{"line":166,"column":44},"end":{"line":166,"column":59}}]},"41":{"type":"branch","line":167,"loc":{"start":{"line":167,"column":-1},"end":{"line":171,"column":2}},"locations":[{"start":{"line":167,"column":-1},"end":{"line":171,"column":2}}]},"42":{"type":"branch","line":173,"loc":{"start":{"line":173,"column":2},"end":{"line":175,"column":3}},"locations":[{"start":{"line":173,"column":2},"end":{"line":175,"column":3}}]}},"b":{"0":[365],"1":[23],"2":[0],"3":[0],"4":[13],"5":[0],"6":[4],"7":[0],"8":[0],"9":[0],"10":[4],"11":[0],"12":[0],"13":[2],"14":[0],"15":[28],"16":[5],"17":[23],"18":[0],"19":[23],"20":[2],"21":[2],"22":[23],"23":[0],"24":[11],"25":[40],"26":[1],"27":[39],"28":[1],"29":[23],"30":[365],"31":[323],"32":[40],"33":[5],"34":[4],"35":[3],"36":[3],"37":[21],"38":[1],"39":[20],"40":[32],"41":[20],"42":[16]},"fnMap":{"0":{"name":"EXIFEntry","decl":{"start":{"line":14,"column":2},"end":{"line":24,"column":3}},"loc":{"start":{"line":14,"column":2},"end":{"line":24,"column":3}},"line":14},"1":{"name":"#readComponent","decl":{"start":{"line":26,"column":2},"end":{"line":86,"column":3}},"loc":{"start":{"line":26,"column":2},"end":{"line":86,"column":3}},"line":26},"2":{"name":"read","decl":{"start":{"line":88,"column":2},"end":{"line":108,"column":3}},"loc":{"start":{"line":88,"column":2},"end":{"line":108,"column":3}},"line":88},"3":{"name":"value","decl":{"start":{"line":110,"column":2},"end":{"line":112,"column":3}},"loc":{"start":{"line":110,"column":2},"end":{"line":112,"column":3}},"line":110},"4":{"name":"destroy","decl":{"start":{"line":114,"column":2},"end":{"line":123,"column":3}},"loc":{"start":{"line":114,"column":2},"end":{"line":123,"column":3}},"line":114},"5":{"name":"EXIFData","decl":{"start":{"line":131,"column":2},"end":{"line":139,"column":3}},"loc":{"start":{"line":131,"column":2},"end":{"line":139,"column":3}},"line":131},"6":{"name":"entry","decl":{"start":{"line":141,"column":2},"end":{"line":149,"column":3}},"loc":{"start":{"line":141,"column":2},"end":{"line":149,"column":3}},"line":141},"7":{"name":"removeEntry","decl":{"start":{"line":151,"column":2},"end":{"line":157,"column":3}},"loc":{"start":{"line":151,"column":2},"end":{"line":157,"column":3}},"line":151},"8":{"name":"saveData","decl":{"start":{"line":159,"column":2},"end":{"line":161,"column":3}},"loc":{"start":{"line":159,"column":2},"end":{"line":161,"column":3}},"line":159},"9":{"name":"destroy","decl":{"start":{"line":163,"column":2},"end":{"line":171,"column":3}},"loc":{"start":{"line":163,"column":2},"end":{"line":171,"column":3}},"line":163},"10":{"name":"exports.Data","decl":{"start":{"line":173,"column":2},"end":{"line":175,"column":3}},"loc":{"start":{"line":173,"column":2},"end":{"line":175,"column":3}},"line":173}},"f":{"0":365,"1":23,"2":28,"3":11,"4":40,"5":23,"6":365,"7":5,"8":3,"9":21,"10":16}}}